[2016.01.24-21.27.01:471][  0]Log file open, 01/24/16 22:27:01
[2016.01.24-21.27.01:471][  0]LogInit:Display: Running engine for game: MyCloudApiProject2
[2016.01.24-21.27.01:471][  0]LogPlatformFile: Not using cached read wrapper
[2016.01.24-21.27.01:471][  0]LogInit:Display: RandInit(-206590670) SRandInit(-206590668).
[2016.01.24-21.27.01:471][  0]LogTaskGraph: Started task graph with 4 named threads and 7 total threads.
[2016.01.24-21.27.01:471][  0]LogStats: Stats thread started at 0.159023
[2016.01.24-21.27.01:471][  0]LogInit: Version: 4.10.2-2818068+++depot+UE4-Releases+4.10
[2016.01.24-21.27.01:471][  0]LogInit: API Version: 2758231
[2016.01.24-21.27.01:471][  0]LogInit: Compiled (64-bit): Jan  6 2016 17:36:42
[2016.01.24-21.27.01:471][  0]LogInit: Compiled with Visual C++: 19.00.23026.00
[2016.01.24-21.27.01:471][  0]LogInit: Build Configuration: Development
[2016.01.24-21.27.01:471][  0]LogInit: Branch Name: ++depot+UE4-Releases+4.10
[2016.01.24-21.27.01:471][  0]LogInit: Command line: 
[2016.01.24-21.27.01:471][  0]LogInit: Base directory: C:/Program Files (x86)/Epic Games/4.10/Engine/Binaries/Win64/
[2016.01.24-21.27.01:472][  0]LogInit: Rocket: 1
[2016.01.24-21.27.01:490][  0]LogInit: Using libcurl 7.41.0
[2016.01.24-21.27.01:490][  0]LogInit:  - built for x86_64-pc-win32
[2016.01.24-21.27.01:490][  0]LogInit:  - supports SSL with WinSSL
[2016.01.24-21.27.01:490][  0]LogInit:  - other features:
[2016.01.24-21.27.01:491][  0]LogInit:      CURL_VERSION_SSL
[2016.01.24-21.27.01:491][  0]LogInit:      CURL_VERSION_IPV6
[2016.01.24-21.27.01:491][  0]LogInit:      CURL_VERSION_ASYNCHDNS
[2016.01.24-21.27.01:491][  0]LogInit:      CURL_VERSION_LARGEFILE
[2016.01.24-21.27.01:491][  0]LogInit:      CURL_VERSION_IDN
[2016.01.24-21.27.01:491][  0]LogInit:  CurlRequestOptions (configurable via config and command line):
[2016.01.24-21.27.01:491][  0]LogInit:  - bVerifyPeer = true  - Libcurl will verify peer certificate
[2016.01.24-21.27.01:491][  0]LogInit:  - bUseHttpProxy = false  - Libcurl will NOT use HTTP proxy
[2016.01.24-21.27.01:491][  0]LogInit:  - bDontReuseConnections = false  - Libcurl will reuse connections
[2016.01.24-21.27.01:491][  0]LogInit:  - CertBundlePath = nullptr  - Libcurl will use whatever was configured at build time.
[2016.01.24-21.27.01:524][  0]LogInit: Presizing for 0 objects not considered by GC, pre-allocating 0 bytes.
[2016.01.24-21.27.01:531][  0]LogInit: Object subsystem initialized
[2016.01.24-21.27.01:532][  0]LogInit: Selected Device Profile: [Windows]
[2016.01.24-21.27.01:532][  0]LogInit: Applying CVar settings loaded from the selected device profile: [Windows]
[2016.01.24-21.27.01:543][  0]LogInit: Computer: DESKTOP-C9BH70E
[2016.01.24-21.27.01:543][  0]LogInit: User: mgrus
[2016.01.24-21.27.01:543][  0]LogInit: CPU Page size=4096, Cores=4
[2016.01.24-21.27.01:543][  0]LogInit: High frequency timer resolution =3.410076 MHz
[2016.01.24-21.27.01:543][  0]LogMemory: Memory total: Physical=15.9GB (16GB approx)
[2016.01.24-21.27.01:543][  0]LogMemory: Platform Memory Stats for Windows
[2016.01.24-21.27.01:543][  0]LogMemory: Process Physical Memory: 56.41 MB used, 56.41 MB peak
[2016.01.24-21.27.01:543][  0]LogMemory: Process Virtual Memory: 57.07 MB used, 57.07 MB peak
[2016.01.24-21.27.01:543][  0]LogMemory: Physical Memory: 5833.24 MB used, 16326.69 MB total
[2016.01.24-21.27.01:543][  0]LogMemory: Virtual Memory: 382.38 MB used, 134217728.00 MB total
[2016.01.24-21.27.01:640][  0]LogTextLocalizationManager: No translations for ('de-AT') exist, falling back to 'en' for localization and internationalization data.
[2016.01.24-21.27.02:197][  0]LogD3D11RHI: Found D3D11 adapter 0: NVIDIA GeForce GTX 970 (Feature Level 11_0)
[2016.01.24-21.27.02:197][  0]LogD3D11RHI: Adapter has 4008MB of dedicated video memory, 0MB of dedicated system memory, and 8163MB of shared system memory, 1 output[s]
[2016.01.24-21.27.02:203][  0]LogD3D11RHI: Found D3D11 adapter 1: Microsoft Basic Render Driver (Feature Level 11_0)
[2016.01.24-21.27.02:203][  0]LogD3D11RHI: Adapter has 0MB of dedicated video memory, 0MB of dedicated system memory, and 8163MB of shared system memory, 0 output[s]
[2016.01.24-21.27.02:203][  0]LogD3D11RHI: Chosen D3D11 Adapter Id = 0
[2016.01.24-21.27.02:211][  0]LogD3D11RHI: !Direct3DDevice
[2016.01.24-21.27.02:211][  0]LogRHI: Texture pool is 1361 MB (70% of 1945 MB)
[2016.01.24-21.27.02:231][  0]LogD3D11RHI: Async texture creation enabled
[2016.01.24-21.27.02:244][  0]LogShaderCompilers: Guid format shader working directory is -19 characters bigger than the processId version (../../../../../../Users/mgrus/Documents/Unreal Projects/ue4cloud/Intermediate/Shaders/WorkingDirectory/11600/).
[2016.01.24-21.27.02:244][  0]LogShaderCompilers: Cleaned the shader compiler working directory 'C:/Users/mgrus/AppData/Local/Temp/UnrealShaderWorkingDir/B409E1544DFB8CF123F82CAA5E8AC855/'.
[2016.01.24-21.27.02:244][  0]LogShaderCompilers:Display: Using Local Shader Compiler.
[2016.01.24-21.27.03:170][  0]LogTemp:Display: Loaded TP AllDesktopTargetPlatform
[2016.01.24-21.27.03:185][  0]LogTemp:Display: Loaded TP WindowsClientTargetPlatform
[2016.01.24-21.27.03:199][  0]LogTemp:Display: Loaded TP WindowsNoEditorTargetPlatform
[2016.01.24-21.27.03:214][  0]LogTemp:Display: Loaded TP WindowsServerTargetPlatform
[2016.01.24-21.27.03:228][  0]LogTemp:Display: Loaded TP WindowsTargetPlatform
[2016.01.24-21.27.03:235][  0]LogTemp:Display: Loaded TP AndroidTargetPlatform
[2016.01.24-21.27.03:243][  0]LogTemp:Display: Loaded TP Android_ASTCTargetPlatform
[2016.01.24-21.27.03:249][  0]LogTemp:Display: Loaded TP Android_ATCTargetPlatform
[2016.01.24-21.27.03:255][  0]LogTemp:Display: Loaded TP Android_DXTTargetPlatform
[2016.01.24-21.27.03:262][  0]LogTemp:Display: Loaded TP Android_ETC1TargetPlatform
[2016.01.24-21.27.03:269][  0]LogTemp:Display: Loaded TP Android_ETC2TargetPlatform
[2016.01.24-21.27.03:288][  0]LogTemp:Display: Loaded TP Android_MultiTargetPlatform
[2016.01.24-21.27.03:288][  0]LogTemp:Display: Loaded TP Android_PVRTCTargetPlatform
[2016.01.24-21.27.03:295][  0]LogTemp:Display: Loaded TP HTML5TargetPlatform
[2016.01.24-21.27.03:334][  0]LogTemp:Display: Loaded TP IOSTargetPlatform
[2016.01.24-21.27.03:341][  0]LogTemp:Display: Loaded TP LinuxNoEditorTargetPlatform
[2016.01.24-21.27.03:350][  0]LogTemp:Display: Loaded TP LinuxServerTargetPlatform
[2016.01.24-21.27.03:357][  0]LogTemp:Display: Loaded TP LinuxTargetPlatform
[2016.01.24-21.27.03:357][  0]LogTargetPlatformManager:Display: Building Assets For Windows
[2016.01.24-21.27.03:609][  0]LogDerivedDataCache:Display: Max Cache Size: 512 MB
[2016.01.24-21.27.03:673][  0]LogDerivedDataCache: Loaded boot cache 0.06s 41MB C:/Users/mgrus/AppData/Local/UnrealEngine/4.10/DerivedDataCache/Boot.ddc.
[2016.01.24-21.27.03:673][  0]LogDerivedDataCache:Display: Loaded Boot cache: C:/Users/mgrus/AppData/Local/UnrealEngine/4.10/DerivedDataCache/Boot.ddc
[2016.01.24-21.27.03:674][  0]LogDerivedDataCache: FDerivedDataBackendGraph:  Pak pak cache file ../../../../../../Users/mgrus/Documents/Unreal Projects/ue4cloud/DerivedDataCache/DDC.ddp not found, will not use a pak cache.
[2016.01.24-21.27.03:674][  0]LogDerivedDataCache: Unable to find inner node Pak for hierarchical cache Hierarchy.
[2016.01.24-21.27.03:674][  0]LogDerivedDataCache: FDerivedDataBackendGraph:  CompressedPak pak cache file ../../../../../../Users/mgrus/Documents/Unreal Projects/ue4cloud/DerivedDataCache/Compressed.ddp not found, will not use a pak cache.
[2016.01.24-21.27.03:674][  0]LogDerivedDataCache: Unable to find inner node CompressedPak for hierarchical cache Hierarchy.
[2016.01.24-21.27.03:751][  0]LogDerivedDataCache:Display: Pak cache opened for reading ../../../Engine/DerivedDataCache/Compressed.ddp.
[2016.01.24-21.27.03:765][  0]LogDerivedDataCache: Using Local data cache path C:/Users/mgrus/AppData/Local/UnrealEngine/Common/DerivedDataCache: Writable
[2016.01.24-21.27.03:958][  0]LogInit: Selected Device Profile: [Windows]
[2016.01.24-21.27.03:962][  0]LogContentStreaming: Texture pool size is 0.000000MB
[2016.01.24-21.27.04:099][  0]LogMeshUtilities: No automatic mesh reduction module available
[2016.01.24-21.27.04:099][  0]LogMeshUtilities: No automatic mesh merging module available
[2016.01.24-21.27.04:386][  0]LogInit: WinSock: version 1.1 (2.2), MaxSocks=32767, MaxUdp=65467
[2016.01.24-21.27.05:624][  0]UdpMessaging: Initializing bridge on interface 0.0.0.0:0 to multicast group 230.0.0.1:6666.
[2016.01.24-21.27.05:815][  0]LogAssetRegistry: FAssetRegistry took 0.0124 seconds to start up
[2016.01.24-21.27.06:174][  0]SourceControl: Info Source control is disabled
[2016.01.24-21.27.06:213][  0]SourceControl: Info Source control is disabled
[2016.01.24-21.27.06:239][  0]SourceControl: Info Source control is disabled
[2016.01.24-21.27.06:267][  0]SourceControl: Info Source control is disabled
[2016.01.24-21.27.07:031][  0]LogObj: 28655 objects as part of root set at end of initial load.
[2016.01.24-21.27.07:032][  0]LogUObjectAllocator: 6104968 out of 0 bytes used by permanent object pool.
[2016.01.24-21.27.07:846][  0]LogEngine: Initializing Engine...
[2016.01.24-21.27.07:860][  0]LogHMD: Can't find Oculus library dev build: is proper Runtime installed? Version: 0.8.0.0
[2016.01.24-21.27.07:925][  0]LogHMD: SteamVR failed to initialize.  Err: 110
[2016.01.24-21.27.08:963][  0]LogAIModule: Creating AISystem for world NewWorld
[2016.01.24-21.27.09:120][  0]LogInit: XAudio2 using 'Speakers (High Definition Audio Device)' : 2 channels at 44.1 kHz using 16 bits per sample (channel mask 0x3)
[2016.01.24-21.27.09:195][  0]LogInit: FAudioDevice initialized.
[2016.01.24-21.27.09:228][  0]LogDerivedDataCache: Saved boot cache 0.03s 41MB C:/Users/mgrus/AppData/Local/UnrealEngine/4.10/DerivedDataCache/Boot.ddc.
[2016.01.24-21.27.09:237][  0]LogInit: Texture streaming: Enabled
[2016.01.24-21.27.09:457][  0]LogAnalytics: Creating configured Analytics provider AnalyticsET
[2016.01.24-21.27.09:467][  0]LogAnalytics: [UEEditor.Rocket.Release] APIServer = http://et2.epicgames.com/ET2/. AppVersion = 4.10.2-2818068+++depot+UE4-Releases+4.10
[2016.01.24-21.27.09:468][  0]LogAnalytics: [UEEditor.Rocket.Release] SetUserId a571c3984f44a05e59200abb84c2c8d3|c9a88f659949421c824ed8850e136156|bdfa07a0-332b-46a2-a004-cd0e5234b434
[2016.01.24-21.27.09:485][  0]LogAnalytics: [UEEditor.Rocket.Release] AnalyticsET::StartSession
[2016.01.24-21.27.09:956][  0]LogInit: Transaction tracking system initialized
[2016.01.24-21.27.10:819][  0]BlueprintLog: New page: Editor Load
[2016.01.24-21.27.15:800][  0]LocalizationService: Info Localization service is disabled
[2016.01.24-21.27.17:367][  0]LogConsoleResponse:Display: 
[2016.01.24-21.27.18:536][  0]LogFileCache: Scanning file cache for directory 'C:/Users/mgrus/Documents/Unreal Projects/ue4cloud/Content/' took 0.02s
[2016.01.24-21.27.18:536][  0]LogCook:Display: Done creating registry. It took  0.00s.
[2016.01.24-21.27.19:727][  0]SourceControl: Info Source control is disabled
[2016.01.24-21.27.19:786][  0]Cmd: MAP LOAD FILE="../../../../../../Users/mgrus/Documents/Unreal Projects/ue4cloud/Content/Level1.umap" TEMPLATE=0 SHOWPROGRESS=1 FEATURELEVEL=3
[2016.01.24-21.27.19:820][  0]LightingResults: New page: Lighting Build
[2016.01.24-21.27.20:001][  0]MapCheck: New page: Map Check
[2016.01.24-21.27.20:002][  0]LightingResults: New page: Lighting Build
[2016.01.24-21.27.20:155][  0]LogParticles: Destroying 0 GPU particle simulations for FXSystem 0x00000231A3982AC0
[2016.01.24-21.27.21:606][  0]LogAIModule: Creating AISystem for world Level1
[2016.01.24-21.27.21:972][  0]LogEditorServer: Finished looking for orphan Actors (0.000 secs)
[2016.01.24-21.27.22:027][  0]Cmd: MAP CHECKDEP NOCLEARLOG
[2016.01.24-21.27.22:124][  0]MapCheck: Info Map check complete: 0 Error(s), 0 Warning(s), took 96.025ms to complete.
[2016.01.24-21.27.22:124][  0]LogFileHelpers: Loading map 'Level1' took 2.352
[2016.01.24-21.27.23:950][  0]LogCollectionManager: Loaded 0 collections in 0.003008 seconds
[2016.01.24-21.27.24:122][  0]LogFileCache: Scanning file cache for directory 'C:/Users/mgrus/Documents/Unreal Projects/ue4cloud/Saved/Collections/' took 0.01s
[2016.01.24-21.27.24:122][  0]LogFileCache: Scanning file cache for directory 'C:/Users/mgrus/Documents/Unreal Projects/ue4cloud/Content/Developers/mgrus/Collections/' took 0.01s
[2016.01.24-21.27.24:122][  0]LogFileCache: Scanning file cache for directory 'C:/Users/mgrus/Documents/Unreal Projects/ue4cloud/Content/Collections/' took 0.01s
[2016.01.24-21.27.24:122][  0]LogCollectionManager: Rebuilt the GUID cache for 0 collections in 0.000002 seconds
[2016.01.24-21.27.24:215][  0]LogContentBrowser: Native class hierarchy populated in 0.0646 seconds. Added 1895 classes and 343 folders.
[2016.01.24-21.27.24:296][  0]LogContentBrowser: Native class hierarchy updated for 'WidgetCarousel' in 0.0011 seconds. Added 0 classes and 0 folders.
[2016.01.24-21.27.24:707][  0]LogContentBrowser: Native class hierarchy updated for 'AddContentDialog' in 0.0015 seconds. Added 0 classes and 0 folders.
[2016.01.24-21.27.24:959][  0]LogContentBrowser: Native class hierarchy updated for 'SceneOutliner' in 0.0014 seconds. Added 1 classes and 2 folders.
[2016.01.24-21.27.26:534][  0]LogCrashTracker: Crashtracker disabled due to settings.
[2016.01.24-21.27.26:784][  0]LogUObjectGlobals:Warning: Failed to find object 'Class None.'
[2016.01.24-21.27.26:866][  0]LogLoad: Full Startup: 26.54 seconds (BP compile: 0.22 seconds)
[2016.01.24-21.27.26:899][  0]LogWindowsTextInputMethodSystem:Display: IME system now deactivated.
[2016.01.24-21.27.26:902][  0]LogOcInput: Can't find Oculus library dev build: is proper Runtime installed? Version: 0.8.0.0
[2016.01.24-21.27.27:195][  0]LogContentStreaming: Texture pool size now 1000 MB
[2016.01.24-21.27.28:118][  0]LogRenderer: Reallocating scene render targets to support 1168x600 (Frame:2).
[2016.01.24-21.27.29:775][  4]LogAssetRegistry: Asset discovery search completed in 23.9715 seconds
[2016.01.24-21.27.29:806][  4]LogCollectionManager: Rebuilt the object cache for 0 collections in 0.000001 seconds (found 0 objects)
[2016.01.24-21.27.29:807][  4]LogCollectionManager: Fixed up redirectors for 0 collections in 0.015372 seconds (updated 0 objects)
[2016.01.24-21.27.35:309][219]LogPlayLevel: PlayLevel: No blueprints needed recompiling
[2016.01.24-21.27.35:328][219]PIE: New page: PIE session: Level1 (Jan 24, 2016, 11:27:35 PM)
[2016.01.24-21.27.35:328][219]LogPlayLevel: Creating play world package: /Game/UEDPIE_0_Level1
[2016.01.24-21.27.35:340][219]LogPlayLevel: PIE: StaticDuplicateObject took: (0.011553s)
[2016.01.24-21.27.35:341][219]LogAIModule: Creating AISystem for world Level1
[2016.01.24-21.27.35:341][219]LogPlayLevel: PIE: World Init took: (0.001049s)
[2016.01.24-21.27.35:350][219]LogPlayLevel: PIE: Created PIE world by copying editor world from /Game/Level1.Level1 to /Game/UEDPIE_0_Level1.Level1 (0.021983s)
[2016.01.24-21.27.35:381][219]LogInit: XAudio2 using 'Speakers (High Definition Audio Device)' : 2 channels at 44.1 kHz using 16 bits per sample (channel mask 0x3)
[2016.01.24-21.27.35:390][219]LogInit: FAudioDevice initialized.
[2016.01.24-21.27.35:522][219]LogWorld: Game class is 'GameMode'
[2016.01.24-21.27.35:524][219]LogWorld: Bringing World /Game/UEDPIE_0_Level1.Level1 up for play (max tick rate 0) at 2016.01.24-22.27.35
[2016.01.24-21.27.35:525][219]LogActor:Warning: GameSession /Game/UEDPIE_0_Level1.Level1:PersistentLevel.GameSession_0 has natively added scene component(s), but none of them were set as the actor's RootComponent - picking one arbitrarily
[2016.01.24-21.27.35:525][219]LogActor:Warning: GameNetworkManager /Game/UEDPIE_0_Level1.Level1:PersistentLevel.GameNetworkManager_0 has natively added scene component(s), but none of them were set as the actor's RootComponent - picking one arbitrarily
[2016.01.24-21.27.35:526][219]LogWorld: Bringing up level for play took: 0.002730
[2016.01.24-21.27.35:617][219]LogAPIFuncLibPlugin:Error: Within public initialization function.
[2016.01.24-21.27.42:007][219]LogBlueprintUserMessages: [BP_TestCloudAPI_C_1] "{ \"_id\" : { \"$oid\" : \"56a406d3e4b07881b93d2ce3\"} , \"PlayerName\" : \"Superstar\"}{ \"_id\" : { \"$oid\" : \"56a4aed7e4b07881b93d2ce4\"} , \"PlayerName\" : \"Superstar2\"}{ \"_id\" : { \"$oid\" : \"56a4b07ae4b07881b93d2ce5\"} , \"playerName\" : \"Johnny\"}{ \"_id\" : { \"$oid\" : \"56a4b85ae4b07881b93d2ce6\"} , \"game\" : \"mygame\" , \"maxPlayers\" : 5}{ \"_id\" : { \"$oid\" : \"56a4ba21e4b07881b93d2ce7\"} , \"hello\" : \"world\" , \"t\" : true , \"f\" : false , \"n\" :  null  , \"i\" : 123 , \"pi\" : 3.1416 , \"a\" : [ 0 , 1 , 2 , 3]}{ \"_id\" : { \"$oid\" : \"56a4bc12e4b07881b93d2ce8\"} , \"hello\" : \"world\" , \"t\" : true , \"f\" : false , \"n\" :  null  , \"i\" : 123 , \"pi\" : 3.1416 , \"a\" : [ 0 , 1 , 2 , 3]}{ \"_id\" : { \"$oid\" : \"56a4e1bae4b07881b93d2ce9\"} , \"hp\" : 10 , \"playerName\" : \"Franz\" , \"playerScore\" : 258}"
[2016.01.24-21.27.43:017][219]LogBlueprintUserMessages: [BP_TestCloudAPI_C_1] POST 200 OK
[2016.01.24-21.27.43:028][219]PIE: Info Play in editor start time for /Game/UEDPIE_0_Level1 8.381
[2016.01.24-21.27.55:351][496]LogParticles: Destroying 0 GPU particle simulations for FXSystem 0x00000231BA2BE480
[2016.01.24-21.27.59:006][901]LogWindowsTextInputMethodSystem:Display: IME system now deactivated.
[2016.01.24-21.27.59:451][902]Cmd: QUIT_EDITOR
[2016.01.24-21.28.00:163][902]LogExit: Preparing to exit.
[2016.01.24-21.28.00:668][902]LogExit: Editor shut down
[2016.01.24-21.28.00:669][902]LogExit: Transaction tracking system shut down
[2016.01.24-21.28.00:671][902]LogParticles: Destroying 0 GPU particle simulations for FXSystem 0x0000023194BFE8E0
[2016.01.24-21.28.00:672][902]LogParticles: Destroying 0 GPU particle simulations for FXSystem 0x00000231AE256FC0
[2016.01.24-21.28.00:899][902]LogExit: Object subsystem successfully closed.
[2016.01.24-21.28.00:928][902]LogD3D11RHI: Shutdown
[2016.01.24-21.28.00:929][902]LogD3D11RHI: CleanupD3DDevice
[2016.01.24-21.28.01:059][902]LogD3D11RHI: ~FD3D11DynamicRHI
[2016.01.24-21.28.01:283][902]LogModuleManager: Shutting down and abandoning module CrashTracker (200)
[2016.01.24-21.28.01:283][902]LogModuleManager: Shutting down and abandoning module SceneOutliner (199)
[2016.01.24-21.28.01:283][902]LogModuleManager: Shutting down and abandoning module SuperSearch (198)
[2016.01.24-21.28.01:283][902]LogModuleManager: Shutting down and abandoning module WidgetCarousel (197)
[2016.01.24-21.28.01:283][902]LogModuleManager: Shutting down and abandoning module AddContentDialog (196)
[2016.01.24-21.28.01:284][902]LogModuleManager: Shutting down and abandoning module EditorWidgets (195)
[2016.01.24-21.28.01:285][902]LogModuleManager: Shutting down and abandoning module CollectionManager (194)
[2016.01.24-21.28.01:285][902]LogModuleManager: Shutting down and abandoning module StatsViewer (193)
[2016.01.24-21.28.01:285][902]LogModuleManager: Shutting down and abandoning module FoliageEdit (192)
[2016.01.24-21.28.01:285][902]LogModuleManager: Shutting down and abandoning module LandscapeEditor (191)
[2016.01.24-21.28.01:300][902]LogModuleManager: Shutting down and abandoning module ActorPickerMode (190)
[2016.01.24-21.28.01:300][902]LogModuleManager: Shutting down and abandoning module GeometryMode (189)
[2016.01.24-21.28.01:300][902]LogModuleManager: Shutting down and abandoning module TextureAlignMode (188)
[2016.01.24-21.28.01:300][902]LogModuleManager: Shutting down and abandoning module BspMode (187)
[2016.01.24-21.28.01:300][902]LogModuleManager: Shutting down and abandoning module PlacementMode (186)
[2016.01.24-21.28.01:300][902]LogModuleManager: Shutting down and abandoning module AutomationWorker (185)
[2016.01.24-21.28.01:301][902]LogModuleManager: Shutting down and abandoning module CharacterAI (184)
[2016.01.24-21.28.01:301][902]LogModuleManager: Shutting down and abandoning module SmartSnapping (183)
[2016.01.24-21.28.01:301][902]LogModuleManager: Shutting down and abandoning module ViewportSnapping (182)
[2016.01.24-21.28.01:301][902]LogModuleManager: Shutting down and abandoning module LogVisualizer (181)
[2016.01.24-21.28.01:302][902]LogModuleManager: Shutting down and abandoning module GameProjectGeneration (180)
[2016.01.24-21.28.01:330][902]LogModuleManager: Shutting down and abandoning module IntroTutorials (179)
[2016.01.24-21.28.01:331][902]LogModuleManager: Shutting down and abandoning module EditorLiveStreaming (178)
[2016.01.24-21.28.01:331][902]LogModuleManager: Shutting down and abandoning module IOSPlatformEditor (177)
[2016.01.24-21.28.01:332][902]LogModuleManager: Shutting down and abandoning module HTML5PlatformEditor (176)
[2016.01.24-21.28.01:332][902]LogModuleManager: Shutting down and abandoning module AndroidDeviceDetection (175)
[2016.01.24-21.28.01:777][902]LogModuleManager: Shutting down and abandoning module AndroidPlatformEditor (174)
[2016.01.24-21.28.01:777][902]LogModuleManager: Shutting down and abandoning module IOSRuntimeSettings (173)
[2016.01.24-21.28.01:777][902]LogModuleManager: Shutting down and abandoning module AndroidRuntimeSettings (172)
[2016.01.24-21.28.01:777][902]LogModuleManager: Shutting down and abandoning module MergeActors (171)
[2016.01.24-21.28.01:778][902]LogModuleManager: Shutting down and abandoning module SizeMap (170)
[2016.01.24-21.28.01:778][902]LogModuleManager: Shutting down and abandoning module TreeMap (169)
[2016.01.24-21.28.01:778][902]LogModuleManager: Shutting down and abandoning module ReferenceViewer (168)
[2016.01.24-21.28.01:778][902]LogModuleManager: Shutting down and abandoning module LocalizationService (167)
[2016.01.24-21.28.01:779][902]LogModuleManager: Shutting down and abandoning module LocalizationDashboard (166)
[2016.01.24-21.28.01:792][902]LogModuleManager: Shutting down and abandoning module HardwareTargeting (165)
[2016.01.24-21.28.01:792][902]LogModuleManager: Shutting down and abandoning module DeviceProfileEditor (164)
[2016.01.24-21.28.01:792][902]LogModuleManager: Shutting down and abandoning module UndoHistory (163)
[2016.01.24-21.28.01:792][902]LogModuleManager: Shutting down and abandoning module GameplayTagsEditor (162)
[2016.01.24-21.28.01:792][902]LogModuleManager: Shutting down and abandoning module UserFeedback (161)
[2016.01.24-21.28.01:793][902]LogModuleManager: Shutting down and abandoning module XmlParser (160)
[2016.01.24-21.28.01:794][902]LogModuleManager: Shutting down and abandoning module Blutility (159)
[2016.01.24-21.28.01:794][902]LogModuleManager: Shutting down and abandoning module ProjectTargetPlatformEditor (158)
[2016.01.24-21.28.01:796][902]LogModuleManager: Shutting down and abandoning module ProjectSettingsViewer (157)
[2016.01.24-21.28.01:796][902]LogModuleManager: Shutting down and abandoning module InputBindingEditor (156)
[2016.01.24-21.28.01:797][902]LogModuleManager: Shutting down and abandoning module EditorSettingsViewer (155)
[2016.01.24-21.28.01:797][902]LogModuleManager: Shutting down and abandoning module SettingsEditor (154)
[2016.01.24-21.28.01:797][902]LogModuleManager: Shutting down and abandoning module ProjectLauncher (153)
[2016.01.24-21.28.01:811][902]LogModuleManager: Shutting down and abandoning module SessionFrontend (152)
[2016.01.24-21.28.01:811][902]LogModuleManager: Shutting down and abandoning module ProfilerClient (151)
[2016.01.24-21.28.01:828][902]LogModuleManager: Shutting down and abandoning module TargetDeviceServices (150)
[2016.01.24-21.28.01:828][902]LogModuleManager: Shutting down and abandoning module DeviceManager (149)
[2016.01.24-21.28.01:829][902]LogModuleManager: Shutting down and abandoning module AutomationController (148)
[2016.01.24-21.28.01:829][902]LogModuleManager: Shutting down and abandoning module AutomationWindow (147)
[2016.01.24-21.28.01:838][902]LogModuleManager: Shutting down and abandoning module Layers (146)
[2016.01.24-21.28.01:862][902]LogModuleManager: Shutting down and abandoning module ComponentVisualizers (145)
[2016.01.24-21.28.01:862][902]LogModuleManager: Shutting down and abandoning module DetailCustomizations (144)
[2016.01.24-21.28.01:864][902]LogModuleManager: Shutting down and abandoning module PackagesDialog (143)
[2016.01.24-21.28.01:864][902]LogModuleManager: Shutting down and abandoning module Persona (142)
[2016.01.24-21.28.01:881][902]LogModuleManager: Shutting down and abandoning module Kismet (141)
[2016.01.24-21.28.01:881][902]LogModuleManager: Shutting down and abandoning module GraphEditor (140)
[2016.01.24-21.28.01:933][902]LogModuleManager: Shutting down and abandoning module ClassViewer (139)
[2016.01.24-21.28.01:933][902]LogModuleManager: Shutting down and abandoning module Toolbox (138)
[2016.01.24-21.28.01:933][902]LogModuleManager: Shutting down and abandoning module ModuleUI (137)
[2016.01.24-21.28.01:943][902]LogModuleManager: Shutting down and abandoning module MovieSceneTools (136)
[2016.01.24-21.28.01:943][902]LogModuleManager: Shutting down and abandoning module OutputLog (135)
[2016.01.24-21.28.01:943][902]LogModuleManager: Shutting down and abandoning module GammaUI (134)
[2016.01.24-21.28.01:950][902]LogModuleManager: Shutting down and abandoning module Documentation (133)
[2016.01.24-21.28.01:950][902]LogModuleManager: Shutting down and abandoning module GameLiveStreaming (132)
[2016.01.24-21.28.01:950][902]LogModuleManager: Shutting down and abandoning module StreamingPauseRendering (131)
[2016.01.24-21.28.01:950][902]LogModuleManager: Shutting down and abandoning module AnalyticsET (130)
[2016.01.24-21.28.01:950][902]LogModuleManager: Shutting down and abandoning module Analytics (129)
[2016.01.24-21.28.01:951][902]LogModuleManager: Shutting down and abandoning module AITestSuite (128)
[2016.01.24-21.28.01:951][902]LogModuleManager: Shutting down and abandoning module GameplayDebugger (127)
[2016.01.24-21.28.01:951][902]LogModuleManager: Shutting down and abandoning module AIModule (126)
[2016.01.24-21.28.01:951][902]LogModuleManager: Shutting down and abandoning module ProfilerService (125)
[2016.01.24-21.28.02:072][902]LogModuleManager: Shutting down and abandoning module TaskGraph (124)
[2016.01.24-21.28.02:086][902]LogModuleManager: Shutting down and abandoning module CloudPlugin (123)
[2016.01.24-21.28.02:086][902]LogModuleManager: Shutting down and abandoning module SlateRemote (122)
[2016.01.24-21.28.02:086][902]LogModuleManager: Shutting down and abandoning module SteamVRController (121)
[2016.01.24-21.28.02:086][902]LogModuleManager: Shutting down and abandoning module SteamVR (120)
[2016.01.24-21.28.02:086][902]LogModuleManager: Shutting down and abandoning module ProceduralMeshComponent (119)
[2016.01.24-21.28.02:086][902]LogModuleManager: Shutting down and abandoning module OculusLibrary (118)
[2016.01.24-21.28.02:087][902]LogModuleManager: Shutting down and abandoning module OculusInput (117)
[2016.01.24-21.28.02:087][902]LogModuleManager: Shutting down and abandoning module LeapMotionController (116)
[2016.01.24-21.28.02:118][902]LogModuleManager: Shutting down and abandoning module CustomMeshComponent (115)
[2016.01.24-21.28.02:118][902]LogModuleManager: Shutting down and abandoning module CableComponent (114)
[2016.01.24-21.28.02:119][902]LogModuleManager: Shutting down and abandoning module ArchVisCharacter (113)
[2016.01.24-21.28.02:119][902]LogModuleManager: Shutting down and abandoning module MessagingDebugger (112)
[2016.01.24-21.28.02:120][902]LogModuleManager: Shutting down and abandoning module MediaPlayerEditor (111)
[2016.01.24-21.28.02:120][902]LogModuleManager: Shutting down and abandoning module HTML5Networking (110)
[2016.01.24-21.28.02:120][902]LogModuleManager: Shutting down and abandoning module SpeedTreeImporter (109)
[2016.01.24-21.28.02:121][902]LogModuleManager: Shutting down and abandoning module PluginBrowser (108)
[2016.01.24-21.28.02:121][902]LogModuleManager: Shutting down and abandoning module EpicSurvey (107)
[2016.01.24-21.28.02:122][902]LogModuleManager: Shutting down and abandoning module DesktopPlatform (106)
[2016.01.24-21.28.02:122][902]LogModuleManager: Shutting down and abandoning module VisualStudioSourceCodeAccess (105)
[2016.01.24-21.28.02:124][902]LogModuleManager: Shutting down and abandoning module UObjectPlugin (104)
[2016.01.24-21.28.02:124][902]LogModuleManager: Shutting down and abandoning module SubversionSourceControl (103)
[2016.01.24-21.28.02:125][902]LogModuleManager: Shutting down and abandoning module PerforceSourceControl (102)
[2016.01.24-21.28.02:125][902]LogModuleManager: Shutting down and abandoning module SourceControl (101)
[2016.01.24-21.28.02:125][902]LogModuleManager: Shutting down and abandoning module GitSourceControl (100)
[2016.01.24-21.28.02:126][902]LogModuleManager: Shutting down and abandoning module LightPropagationVolumeEditor (99)
[2016.01.24-21.28.02:127][902]LogModuleManager: Shutting down and abandoning module PaperTiledImporter (98)
[2016.01.24-21.28.02:127][902]LogModuleManager: Shutting down and abandoning module PaperSpriteSheetImporter (97)
[2016.01.24-21.28.02:127][902]LogModuleManager: Shutting down and abandoning module MeshPaint (96)
[2016.01.24-21.28.02:127][902]LogModuleManager: Shutting down and abandoning module SlateReflector (95)
[2016.01.24-21.28.02:127][902]LogModuleManager: Shutting down and abandoning module HotReload (94)
[2016.01.24-21.28.02:127][902]LogModuleManager: Shutting down and abandoning module MainFrame (93)
[2016.01.24-21.28.02:127][902]LogModuleManager: Shutting down and abandoning module LevelEditor (92)
[2016.01.24-21.28.02:129][902]LogModuleManager: Shutting down and abandoning module DirectoryWatcher (91)
[2016.01.24-21.28.02:130][902]LogModuleManager: Shutting down and abandoning module AssetRegistry (90)
[2016.01.24-21.28.02:234][902]LogModuleManager: Shutting down and abandoning module ContentBrowser (89)
[2016.01.24-21.28.02:269][902]LogModuleManager: Shutting down and abandoning module Paper2DEditor (88)
[2016.01.24-21.28.02:275][902]LogModuleManager: Shutting down and abandoning module MyCloudApiProject2 (87)
[2016.01.24-21.28.02:278][902]LogModuleManager: Shutting down and abandoning module UdpMessaging (86)
[2016.01.24-21.28.02:381][902]LogModuleManager: Shutting down and abandoning module LightPropagationVolumeRuntime (85)
[2016.01.24-21.28.02:381][902]LogModuleManager: Shutting down and abandoning module Paper2D (84)
[2016.01.24-21.28.02:381][902]LogModuleManager: Shutting down and abandoning module WindowsMoviePlayer (83)
[2016.01.24-21.28.02:385][902]LogModuleManager: Shutting down and abandoning module Media (82)
[2016.01.24-21.28.02:385][902]LogModuleManager: Shutting down and abandoning module WmfMedia (81)
[2016.01.24-21.28.02:386][902]LogModuleManager: Shutting down and abandoning module OnlineBlueprintSupport (80)
[2016.01.24-21.28.02:386][902]LogModuleManager: Shutting down and abandoning module GameplayTasksEditor (79)
[2016.01.24-21.28.02:386][902]LogModuleManager: Shutting down and abandoning module PropertyEditor (78)
[2016.01.24-21.28.02:387][902]LogModuleManager: Shutting down and abandoning module BehaviorTreeEditor (77)
[2016.01.24-21.28.02:387][902]LogModuleManager: Shutting down and abandoning module FunctionalTesting (76)
[2016.01.24-21.28.02:387][902]LogModuleManager: Shutting down and abandoning module CollisionAnalyzer (75)
[2016.01.24-21.28.02:388][902]LogModuleManager: Shutting down and abandoning module WorkspaceMenuStructure (74)
[2016.01.24-21.28.02:388][902]LogModuleManager: Shutting down and abandoning module MessageLog (73)
[2016.01.24-21.28.02:388][902]LogModuleManager: Shutting down and abandoning module Sequencer (72)
[2016.01.24-21.28.02:389][902]LogModuleManager: Shutting down and abandoning module AssetTools (71)
[2016.01.24-21.28.02:389][902]LogModuleManager: Shutting down and abandoning module UMGEditor (70)
[2016.01.24-21.28.02:389][902]LogModuleManager: Shutting down and abandoning module UMG (69)
[2016.01.24-21.28.02:389][902]LogModuleManager: Shutting down and abandoning module Slate (68)
[2016.01.24-21.28.02:390][902]LogModuleManager: Shutting down and abandoning module EditorStyle (67)
[2016.01.24-21.28.02:393][902]LogModuleManager: Shutting down and abandoning module SessionServices (66)
[2016.01.24-21.28.02:394][902]LogModuleManager: Shutting down and abandoning module SourceCodeAccess (65)
[2016.01.24-21.28.02:394][902]LogModuleManager: Shutting down and abandoning module HeadMountedDisplay (64)
[2016.01.24-21.28.02:394][902]LogModuleManager: Shutting down and abandoning module XAudio2 (63)
[2016.01.24-21.28.02:394][902]LogModuleManager: Shutting down and abandoning module Networking (61)
[2016.01.24-21.28.02:394][902]LogModuleManager: Shutting down and abandoning module Core (60)
[2016.01.24-21.28.02:395][902]LogModuleManager: Shutting down and abandoning module KismetCompiler (59)
[2016.01.24-21.28.02:395][902]LogModuleManager: Shutting down and abandoning module PhysXFormats (58)
[2016.01.24-21.28.02:395][902]LogModuleManager: Shutting down and abandoning module MeshUtilities (57)
[2016.01.24-21.28.02:395][902]LogModuleManager: Shutting down and abandoning module DerivedDataCache (56)
[2016.01.24-21.28.02:633][902]LogDerivedDataCache: Shutdown
[2016.01.24-21.28.02:633][902]LogModuleManager: Shutting down and abandoning module ShaderFormatOpenGL (55)
[2016.01.24-21.28.02:633][902]LogModuleManager: Shutting down and abandoning module ShaderFormatD3D (54)
[2016.01.24-21.28.02:633][902]LogModuleManager: Shutting down and abandoning module MetalShaderFormat (53)
[2016.01.24-21.28.02:633][902]LogModuleManager: Shutting down and abandoning module TextureFormatUncompressed (52)
[2016.01.24-21.28.02:634][902]LogModuleManager: Shutting down and abandoning module TextureFormatPVR (51)
[2016.01.24-21.28.02:634][902]LogModuleManager: Shutting down and abandoning module TextureFormatIntelISPCTexComp (50)
[2016.01.24-21.28.02:634][902]LogModuleManager: Shutting down and abandoning module TextureFormatDXT (49)
[2016.01.24-21.28.02:634][902]LogModuleManager: Shutting down and abandoning module ImageWrapper (48)
[2016.01.24-21.28.02:634][902]LogModuleManager: Shutting down and abandoning module TextureFormatASTC (47)
[2016.01.24-21.28.02:635][902]LogModuleManager: Shutting down and abandoning module TextureFormatAndroid (46)
[2016.01.24-21.28.02:635][902]LogModuleManager: Shutting down and abandoning module AudioFormatOpus (45)
[2016.01.24-21.28.02:635][902]LogModuleManager: Shutting down and abandoning module AudioFormatOgg (44)
[2016.01.24-21.28.02:636][902]LogModuleManager: Shutting down and abandoning module AudioFormatADPCM (43)
[2016.01.24-21.28.02:636][902]LogModuleManager: Shutting down and abandoning module LinuxTargetPlatform (42)
[2016.01.24-21.28.02:636][902]LogModuleManager: Shutting down and abandoning module LinuxServerTargetPlatform (41)
[2016.01.24-21.28.02:637][902]LogModuleManager: Shutting down and abandoning module LinuxNoEditorTargetPlatform (40)
[2016.01.24-21.28.02:637][902]LogModuleManager: Shutting down and abandoning module Messaging (39)
[2016.01.24-21.28.02:637][902]LogModuleManager: Shutting down and abandoning module IOSTargetPlatform (38)
[2016.01.24-21.28.02:637][902]LogModuleManager: Shutting down and abandoning module HTML5TargetPlatform (37)
[2016.01.24-21.28.02:637][902]LogModuleManager: Shutting down and abandoning module Android_PVRTCTargetPlatform (36)
[2016.01.24-21.28.02:638][902]LogModuleManager: Shutting down and abandoning module Android_MultiTargetPlatform (35)
[2016.01.24-21.28.02:638][902]LogModuleManager: Shutting down and abandoning module Android_ETC2TargetPlatform (34)
[2016.01.24-21.28.02:638][902]LogModuleManager: Shutting down and abandoning module Android_ETC1TargetPlatform (33)
[2016.01.24-21.28.02:638][902]LogModuleManager: Shutting down and abandoning module Android_DXTTargetPlatform (32)
[2016.01.24-21.28.02:639][902]LogModuleManager: Shutting down and abandoning module Android_ATCTargetPlatform (31)
[2016.01.24-21.28.02:639][902]LogModuleManager: Shutting down and abandoning module Android_ASTCTargetPlatform (30)
[2016.01.24-21.28.02:639][902]LogModuleManager: Shutting down and abandoning module AndroidTargetPlatform (29)
[2016.01.24-21.28.02:639][902]LogModuleManager: Shutting down and abandoning module WindowsTargetPlatform (28)
[2016.01.24-21.28.02:640][902]LogModuleManager: Shutting down and abandoning module WindowsServerTargetPlatform (27)
[2016.01.24-21.28.02:640][902]LogModuleManager: Shutting down and abandoning module WindowsNoEditorTargetPlatform (26)
[2016.01.24-21.28.02:640][902]LogModuleManager: Shutting down and abandoning module WindowsClientTargetPlatform (25)
[2016.01.24-21.28.02:640][902]LogModuleManager: Shutting down and abandoning module AllDesktopTargetPlatform (24)
[2016.01.24-21.28.02:640][902]LogModuleManager: Shutting down and abandoning module TargetPlatform (23)
[2016.01.24-21.28.02:641][902]LogModuleManager: Shutting down and abandoning module InputCore (22)
[2016.01.24-21.28.02:641][902]LogModuleManager: Shutting down and abandoning module Settings (21)
[2016.01.24-21.28.02:641][902]LogModuleManager: Shutting down and abandoning module OnlineSubsystem (19)
[2016.01.24-21.28.02:642][902]LogModuleManager: Shutting down and abandoning module HTTP (18)
[2016.01.24-21.28.04:664][902]LogModuleManager: Shutting down and abandoning module XMPP (17)
[2016.01.24-21.28.04:664][902]LogModuleManager: Shutting down and abandoning module OculusRift (16)
[2016.01.24-21.28.04:665][902]LogModuleManager: Shutting down and abandoning module ExampleDeviceProfileSelector (15)
[2016.01.24-21.28.04:665][902]LogModuleManager: Shutting down and abandoning module TextureCompressor (14)
[2016.01.24-21.28.04:667][902]LogModuleManager: Shutting down and abandoning module ShaderCore (13)
[2016.01.24-21.28.04:667][902]LogModuleManager: Shutting down and abandoning module Landscape (12)
[2016.01.24-21.28.04:668][902]LogModuleManager: Shutting down and abandoning module SlateRHIRenderer (11)
[2016.01.24-21.28.04:669][902]LogModuleManager: Shutting down and abandoning module OpenGLDrv (10)
[2016.01.24-21.28.04:670][902]LogModuleManager: Shutting down and abandoning module D3D11RHI (9)
[2016.01.24-21.28.04:670][902]LogModuleManager: Shutting down and abandoning module AnimGraphRuntime (8)
[2016.01.24-21.28.04:670][902]LogModuleManager: Shutting down and abandoning module Renderer (7)
[2016.01.24-21.28.04:671][902]LogModuleManager: Shutting down and abandoning module Engine (6)
[2016.01.24-21.28.04:671][902]LogModuleManager: Shutting down and abandoning module CoreUObject (5)
[2016.01.24-21.28.04:672][902]LogModuleManager: Shutting down and abandoning module NetworkFile (4)
[2016.01.24-21.28.04:672][902]LogModuleManager: Shutting down and abandoning module StreamingFile (3)
[2016.01.24-21.28.04:673][902]LogModuleManager: Shutting down and abandoning module SandboxFile (2)
[2016.01.24-21.28.04:673][902]LogModuleManager: Shutting down and abandoning module PakFile (1)
[2016.01.24-21.28.04:683][902]LogExit: Exiting.
[2016.01.24-21.28.04:705][902]Log file closed, 01/24/16 22:28:04
