[2016.01.24-20.38.13:742][  0]Log file open, 01/24/16 21:38:13
[2016.01.24-20.38.13:742][  0]LogInit:Display: Running engine for game: MyCloudApiProject2
[2016.01.24-20.38.13:742][  0]LogPlatformFile: Not using cached read wrapper
[2016.01.24-20.38.13:742][  0]LogInit:Display: RandInit(-1600174037) SRandInit(-1600174034).
[2016.01.24-20.38.13:743][  0]LogTaskGraph: Started task graph with 4 named threads and 7 total threads.
[2016.01.24-20.38.13:743][  0]LogStats: Stats thread started at 0.161831
[2016.01.24-20.38.13:743][  0]LogInit: Version: 4.10.1-2791327+++depot+UE4-Releases+4.10
[2016.01.24-20.38.13:743][  0]LogInit: API Version: 2758231
[2016.01.24-20.38.13:743][  0]LogInit: Compiled (64-bit): Dec  4 2015 19:44:40
[2016.01.24-20.38.13:743][  0]LogInit: Compiled with Visual C++: 19.00.23026.00
[2016.01.24-20.38.13:743][  0]LogInit: Build Configuration: Development
[2016.01.24-20.38.13:743][  0]LogInit: Branch Name: ++depot+UE4-Releases+4.10
[2016.01.24-20.38.13:743][  0]LogInit: Command line: 
[2016.01.24-20.38.13:743][  0]LogInit: Base directory: C:/Program Files (x86)/Epic Games/4.10/Engine/Binaries/Win64/
[2016.01.24-20.38.13:743][  0]LogInit: Rocket: 1
[2016.01.24-20.38.13:787][  0]LogInit: Using libcurl 7.41.0
[2016.01.24-20.38.13:787][  0]LogInit:  - built for x86_64-pc-win32
[2016.01.24-20.38.13:787][  0]LogInit:  - supports SSL with WinSSL
[2016.01.24-20.38.13:787][  0]LogInit:  - other features:
[2016.01.24-20.38.13:787][  0]LogInit:      CURL_VERSION_SSL
[2016.01.24-20.38.13:787][  0]LogInit:      CURL_VERSION_IPV6
[2016.01.24-20.38.13:787][  0]LogInit:      CURL_VERSION_ASYNCHDNS
[2016.01.24-20.38.13:787][  0]LogInit:      CURL_VERSION_LARGEFILE
[2016.01.24-20.38.13:787][  0]LogInit:      CURL_VERSION_IDN
[2016.01.24-20.38.13:787][  0]LogInit:  CurlRequestOptions (configurable via config and command line):
[2016.01.24-20.38.13:787][  0]LogInit:  - bVerifyPeer = true  - Libcurl will verify peer certificate
[2016.01.24-20.38.13:787][  0]LogInit:  - bUseHttpProxy = false  - Libcurl will NOT use HTTP proxy
[2016.01.24-20.38.13:787][  0]LogInit:  - bDontReuseConnections = false  - Libcurl will reuse connections
[2016.01.24-20.38.13:788][  0]LogInit:  - CertBundlePath = nullptr  - Libcurl will use whatever was configured at build time.
[2016.01.24-20.38.13:856][  0]LogInit: Presizing for 0 objects not considered by GC, pre-allocating 0 bytes.
[2016.01.24-20.38.13:863][  0]LogInit: Object subsystem initialized
[2016.01.24-20.38.13:874][  0]LogInit: Selected Device Profile: [Windows]
[2016.01.24-20.38.13:874][  0]LogInit: Applying CVar settings loaded from the selected device profile: [Windows]
[2016.01.24-20.38.13:967][  0]LogInit: Computer: DESKTOP-C9BH70E
[2016.01.24-20.38.13:967][  0]LogInit: User: mgrus
[2016.01.24-20.38.13:967][  0]LogInit: CPU Page size=4096, Cores=4
[2016.01.24-20.38.13:967][  0]LogInit: High frequency timer resolution =3.410076 MHz
[2016.01.24-20.38.13:967][  0]LogMemory: Memory total: Physical=15.9GB (16GB approx)
[2016.01.24-20.38.13:967][  0]LogMemory: Platform Memory Stats for Windows
[2016.01.24-20.38.13:967][  0]LogMemory: Process Physical Memory: 56.97 MB used, 56.97 MB peak
[2016.01.24-20.38.13:967][  0]LogMemory: Process Virtual Memory: 59.14 MB used, 59.14 MB peak
[2016.01.24-20.38.13:967][  0]LogMemory: Physical Memory: 6047.64 MB used, 16326.69 MB total
[2016.01.24-20.38.13:967][  0]LogMemory: Virtual Memory: 386.64 MB used, 134217728.00 MB total
[2016.01.24-20.38.14:151][  0]LogTextLocalizationManager: No translations for ('de-AT') exist, falling back to 'en' for localization and internationalization data.
[2016.01.24-20.38.14:915][  0]LogD3D11RHI: Found D3D11 adapter 0: NVIDIA GeForce GTX 970 (Feature Level 11_0)
[2016.01.24-20.38.14:915][  0]LogD3D11RHI: Adapter has 4008MB of dedicated video memory, 0MB of dedicated system memory, and 8163MB of shared system memory, 1 output[s]
[2016.01.24-20.38.14:919][  0]LogD3D11RHI: Found D3D11 adapter 1: Microsoft Basic Render Driver (Feature Level 11_0)
[2016.01.24-20.38.14:919][  0]LogD3D11RHI: Adapter has 0MB of dedicated video memory, 0MB of dedicated system memory, and 8163MB of shared system memory, 0 output[s]
[2016.01.24-20.38.14:919][  0]LogD3D11RHI: Chosen D3D11 Adapter Id = 0
[2016.01.24-20.38.14:925][  0]LogD3D11RHI: !Direct3DDevice
[2016.01.24-20.38.14:925][  0]LogRHI: Texture pool is 1361 MB (70% of 1945 MB)
[2016.01.24-20.38.14:940][  0]LogD3D11RHI: Async texture creation enabled
[2016.01.24-20.38.14:958][  0]LogShaderCompilers: Guid format shader working directory is -18 characters bigger than the processId version (../../../../../../Users/mgrus/Documents/Unreal Projects/ue4cloud/Intermediate/Shaders/WorkingDirectory/4128/).
[2016.01.24-20.38.14:959][  0]LogShaderCompilers: Cleaned the shader compiler working directory 'C:/Users/mgrus/AppData/Local/Temp/UnrealShaderWorkingDir/EE2BB2FE4AAE4B293F76EEA6BF36C357/'.
[2016.01.24-20.38.14:959][  0]LogShaderCompilers:Display: Using Local Shader Compiler.
[2016.01.24-20.38.18:200][  0]LogTemp:Display: Loaded TP AllDesktopTargetPlatform
[2016.01.24-20.38.18:213][  0]LogTemp:Display: Loaded TP WindowsClientTargetPlatform
[2016.01.24-20.38.18:227][  0]LogTemp:Display: Loaded TP WindowsNoEditorTargetPlatform
[2016.01.24-20.38.18:241][  0]LogTemp:Display: Loaded TP WindowsServerTargetPlatform
[2016.01.24-20.38.18:256][  0]LogTemp:Display: Loaded TP WindowsTargetPlatform
[2016.01.24-20.38.18:266][  0]LogTemp:Display: Loaded TP AndroidTargetPlatform
[2016.01.24-20.38.18:275][  0]LogTemp:Display: Loaded TP Android_ASTCTargetPlatform
[2016.01.24-20.38.18:284][  0]LogTemp:Display: Loaded TP Android_ATCTargetPlatform
[2016.01.24-20.38.18:296][  0]LogTemp:Display: Loaded TP Android_DXTTargetPlatform
[2016.01.24-20.38.18:303][  0]LogTemp:Display: Loaded TP Android_ETC1TargetPlatform
[2016.01.24-20.38.18:312][  0]LogTemp:Display: Loaded TP Android_ETC2TargetPlatform
[2016.01.24-20.38.18:331][  0]LogTemp:Display: Loaded TP Android_MultiTargetPlatform
[2016.01.24-20.38.18:331][  0]LogTemp:Display: Loaded TP Android_PVRTCTargetPlatform
[2016.01.24-20.38.18:336][  0]LogTemp:Display: Loaded TP HTML5TargetPlatform
[2016.01.24-20.38.18:405][  0]LogTemp:Display: Loaded TP IOSTargetPlatform
[2016.01.24-20.38.18:415][  0]LogTemp:Display: Loaded TP LinuxNoEditorTargetPlatform
[2016.01.24-20.38.18:424][  0]LogTemp:Display: Loaded TP LinuxServerTargetPlatform
[2016.01.24-20.38.18:446][  0]LogTemp:Display: Loaded TP LinuxTargetPlatform
[2016.01.24-20.38.18:446][  0]LogTargetPlatformManager:Display: Building Assets For Windows
[2016.01.24-20.38.18:985][  0]LogDerivedDataCache:Display: Max Cache Size: 512 MB
[2016.01.24-20.38.19:049][  0]LogDerivedDataCache: Loaded boot cache 0.06s 41MB C:/Users/mgrus/AppData/Local/UnrealEngine/4.10/DerivedDataCache/Boot.ddc.
[2016.01.24-20.38.19:049][  0]LogDerivedDataCache:Display: Loaded Boot cache: C:/Users/mgrus/AppData/Local/UnrealEngine/4.10/DerivedDataCache/Boot.ddc
[2016.01.24-20.38.19:049][  0]LogDerivedDataCache: FDerivedDataBackendGraph:  Pak pak cache file ../../../../../../Users/mgrus/Documents/Unreal Projects/ue4cloud/DerivedDataCache/DDC.ddp not found, will not use a pak cache.
[2016.01.24-20.38.19:050][  0]LogDerivedDataCache: Unable to find inner node Pak for hierarchical cache Hierarchy.
[2016.01.24-20.38.19:050][  0]LogDerivedDataCache: FDerivedDataBackendGraph:  CompressedPak pak cache file ../../../../../../Users/mgrus/Documents/Unreal Projects/ue4cloud/DerivedDataCache/Compressed.ddp not found, will not use a pak cache.
[2016.01.24-20.38.19:050][  0]LogDerivedDataCache: Unable to find inner node CompressedPak for hierarchical cache Hierarchy.
[2016.01.24-20.38.19:140][  0]LogDerivedDataCache:Display: Pak cache opened for reading ../../../Engine/DerivedDataCache/Compressed.ddp.
[2016.01.24-20.38.19:155][  0]LogDerivedDataCache: Using Local data cache path C:/Users/mgrus/AppData/Local/UnrealEngine/Common/DerivedDataCache: Writable
[2016.01.24-20.38.25:585][  0]LogInit: Selected Device Profile: [Windows]
[2016.01.24-20.38.25:588][  0]LogContentStreaming: Texture pool size is 0.000000MB
[2016.01.24-20.38.25:975][  0]LogMeshUtilities: No automatic mesh reduction module available
[2016.01.24-20.38.25:975][  0]LogMeshUtilities: No automatic mesh merging module available
[2016.01.24-20.38.27:261][  0]LogInit: WinSock: version 1.1 (2.2), MaxSocks=32767, MaxUdp=65467
[2016.01.24-20.38.41:292][  0]UdpMessaging: Initializing bridge on interface 0.0.0.0:0 to multicast group 230.0.0.1:6666.
[2016.01.24-20.38.41:708][  0]LogAssetRegistry: FAssetRegistry took 0.0122 seconds to start up
[2016.01.24-20.38.42:645][  0]SourceControl: Info Source control is disabled
[2016.01.24-20.38.42:711][  0]SourceControl: Info Source control is disabled
[2016.01.24-20.38.42:732][  0]SourceControl: Info Source control is disabled
[2016.01.24-20.38.42:762][  0]SourceControl: Info Source control is disabled
[2016.01.24-20.38.44:566][  0]LogModuleManager:Warning: ModuleManager: Unable to load module 'C:/Users/mgrus/Documents/Unreal Projects/ue4cloud/Plugins/CloudPlugin/Binaries/Win64/UE4Editor-CloudPlugin.dll' because the file couldn't be loaded by the OS.
[2016.01.24-20.38.46:177][  0]LogWindowsTextInputMethodSystem:Display: IME system now deactivated.
[2016.01.24-20.38.46:339][  0]LogExit: Preparing to exit.
[2016.01.24-20.38.47:569][  0]LogExit: Object subsystem successfully closed.
[2016.01.24-20.38.47:597][  0]LogD3D11RHI: Shutdown
[2016.01.24-20.38.47:597][  0]LogD3D11RHI: CleanupD3DDevice
[2016.01.24-20.38.47:627][  0]LogD3D11RHI: ~FD3D11DynamicRHI
[2016.01.24-20.38.47:637][  0]LogModuleManager: Shutting down and abandoning module SlateRemote (122)
[2016.01.24-20.38.47:637][  0]LogModuleManager: Shutting down and abandoning module SteamVRController (121)
[2016.01.24-20.38.47:637][  0]LogModuleManager: Shutting down and abandoning module SteamVR (120)
[2016.01.24-20.38.47:637][  0]LogModuleManager: Shutting down and abandoning module ProceduralMeshComponent (119)
[2016.01.24-20.38.47:637][  0]LogModuleManager: Shutting down and abandoning module OculusLibrary (118)
[2016.01.24-20.38.47:637][  0]LogModuleManager: Shutting down and abandoning module OculusInput (117)
[2016.01.24-20.38.47:637][  0]LogModuleManager: Shutting down and abandoning module LeapMotionController (116)
[2016.01.24-20.38.47:661][  0]LogModuleManager: Shutting down and abandoning module CustomMeshComponent (115)
[2016.01.24-20.38.47:662][  0]LogModuleManager: Shutting down and abandoning module CableComponent (114)
[2016.01.24-20.38.47:662][  0]LogModuleManager: Shutting down and abandoning module ArchVisCharacter (113)
[2016.01.24-20.38.47:662][  0]LogModuleManager: Shutting down and abandoning module MessagingDebugger (112)
[2016.01.24-20.38.47:662][  0]LogModuleManager: Shutting down and abandoning module MediaPlayerEditor (111)
[2016.01.24-20.38.47:662][  0]LogModuleManager: Shutting down and abandoning module HTML5Networking (110)
[2016.01.24-20.38.47:663][  0]LogModuleManager: Shutting down and abandoning module SpeedTreeImporter (109)
[2016.01.24-20.38.47:663][  0]LogModuleManager: Shutting down and abandoning module PluginBrowser (108)
[2016.01.24-20.38.47:663][  0]LogModuleManager: Shutting down and abandoning module EpicSurvey (107)
[2016.01.24-20.38.47:663][  0]LogModuleManager: Shutting down and abandoning module DesktopPlatform (106)
[2016.01.24-20.38.47:663][  0]LogModuleManager: Shutting down and abandoning module VisualStudioSourceCodeAccess (105)
[2016.01.24-20.38.47:664][  0]LogModuleManager: Shutting down and abandoning module UObjectPlugin (104)
[2016.01.24-20.38.47:664][  0]LogModuleManager: Shutting down and abandoning module SubversionSourceControl (103)
[2016.01.24-20.38.47:664][  0]LogModuleManager: Shutting down and abandoning module PerforceSourceControl (102)
[2016.01.24-20.38.47:664][  0]LogModuleManager: Shutting down and abandoning module SourceControl (101)
[2016.01.24-20.38.47:664][  0]LogModuleManager: Shutting down and abandoning module GitSourceControl (100)
[2016.01.24-20.38.47:664][  0]LogModuleManager: Shutting down and abandoning module LightPropagationVolumeEditor (99)
[2016.01.24-20.38.47:665][  0]LogModuleManager: Shutting down and abandoning module PaperTiledImporter (98)
[2016.01.24-20.38.47:665][  0]LogModuleManager: Shutting down and abandoning module PaperSpriteSheetImporter (97)
[2016.01.24-20.38.47:665][  0]LogModuleManager: Shutting down and abandoning module MeshPaint (96)
[2016.01.24-20.38.47:666][  0]LogModuleManager: Shutting down and abandoning module SlateReflector (95)
[2016.01.24-20.38.47:666][  0]LogModuleManager: Shutting down and abandoning module HotReload (94)
[2016.01.24-20.38.47:667][  0]LogModuleManager: Shutting down and abandoning module MainFrame (93)
[2016.01.24-20.38.47:667][  0]LogModuleManager: Shutting down and abandoning module LevelEditor (92)
[2016.01.24-20.38.47:668][  0]LogModuleManager: Shutting down and abandoning module DirectoryWatcher (91)
[2016.01.24-20.38.47:669][  0]LogModuleManager: Shutting down and abandoning module AssetRegistry (90)
[2016.01.24-20.38.47:709][  0]LogModuleManager: Shutting down and abandoning module ContentBrowser (89)
[2016.01.24-20.38.47:709][  0]LogModuleManager: Shutting down and abandoning module Paper2DEditor (88)
[2016.01.24-20.38.47:710][  0]LogModuleManager: Shutting down and abandoning module MyCloudApiProject2 (87)
[2016.01.24-20.38.47:710][  0]LogModuleManager: Shutting down and abandoning module UdpMessaging (86)
[2016.01.24-20.38.47:811][  0]LogModuleManager: Shutting down and abandoning module LightPropagationVolumeRuntime (85)
[2016.01.24-20.38.47:811][  0]LogModuleManager: Shutting down and abandoning module Paper2D (84)
[2016.01.24-20.38.47:811][  0]LogModuleManager: Shutting down and abandoning module WindowsMoviePlayer (83)
[2016.01.24-20.38.47:812][  0]LogModuleManager: Shutting down and abandoning module Media (82)
[2016.01.24-20.38.47:812][  0]LogModuleManager: Shutting down and abandoning module WmfMedia (81)
[2016.01.24-20.38.47:813][  0]LogModuleManager: Shutting down and abandoning module OnlineBlueprintSupport (80)
[2016.01.24-20.38.47:813][  0]LogModuleManager: Shutting down and abandoning module GameplayTasksEditor (79)
[2016.01.24-20.38.47:813][  0]LogModuleManager: Shutting down and abandoning module PropertyEditor (78)
[2016.01.24-20.38.47:813][  0]LogModuleManager: Shutting down and abandoning module BehaviorTreeEditor (77)
[2016.01.24-20.38.47:813][  0]LogModuleManager: Shutting down and abandoning module FunctionalTesting (76)
[2016.01.24-20.38.47:813][  0]LogModuleManager: Shutting down and abandoning module CollisionAnalyzer (75)
[2016.01.24-20.38.47:814][  0]LogModuleManager: Shutting down and abandoning module WorkspaceMenuStructure (74)
[2016.01.24-20.38.47:814][  0]LogModuleManager: Shutting down and abandoning module MessageLog (73)
[2016.01.24-20.38.47:814][  0]LogModuleManager: Shutting down and abandoning module Sequencer (72)
[2016.01.24-20.38.47:814][  0]LogModuleManager: Shutting down and abandoning module AssetTools (71)
[2016.01.24-20.38.47:815][  0]LogModuleManager: Shutting down and abandoning module UMGEditor (70)
[2016.01.24-20.38.47:815][  0]LogModuleManager: Shutting down and abandoning module UMG (69)
[2016.01.24-20.38.47:815][  0]LogModuleManager: Shutting down and abandoning module Slate (68)
[2016.01.24-20.38.47:815][  0]LogModuleManager: Shutting down and abandoning module EditorStyle (67)
[2016.01.24-20.38.47:817][  0]LogModuleManager: Shutting down and abandoning module SessionServices (66)
[2016.01.24-20.38.47:817][  0]LogModuleManager: Shutting down and abandoning module SourceCodeAccess (65)
[2016.01.24-20.38.47:817][  0]LogModuleManager: Shutting down and abandoning module HeadMountedDisplay (64)
[2016.01.24-20.38.47:817][  0]LogModuleManager: Shutting down and abandoning module XAudio2 (63)
[2016.01.24-20.38.47:817][  0]LogModuleManager: Shutting down and abandoning module Networking (61)
[2016.01.24-20.38.47:817][  0]LogModuleManager: Shutting down and abandoning module Core (60)
[2016.01.24-20.38.47:817][  0]LogModuleManager: Shutting down and abandoning module KismetCompiler (59)
[2016.01.24-20.38.47:818][  0]LogModuleManager: Shutting down and abandoning module PhysXFormats (58)
[2016.01.24-20.38.47:818][  0]LogModuleManager: Shutting down and abandoning module MeshUtilities (57)
[2016.01.24-20.38.47:818][  0]LogModuleManager: Shutting down and abandoning module DerivedDataCache (56)
[2016.01.24-20.38.48:157][  0]LogDerivedDataCache: Shutdown
[2016.01.24-20.38.48:157][  0]LogModuleManager: Shutting down and abandoning module ShaderFormatOpenGL (55)
[2016.01.24-20.38.48:158][  0]LogModuleManager: Shutting down and abandoning module ShaderFormatD3D (54)
[2016.01.24-20.38.48:158][  0]LogModuleManager: Shutting down and abandoning module MetalShaderFormat (53)
[2016.01.24-20.38.48:158][  0]LogModuleManager: Shutting down and abandoning module TextureFormatUncompressed (52)
[2016.01.24-20.38.48:158][  0]LogModuleManager: Shutting down and abandoning module TextureFormatPVR (51)
[2016.01.24-20.38.48:159][  0]LogModuleManager: Shutting down and abandoning module TextureFormatIntelISPCTexComp (50)
[2016.01.24-20.38.48:159][  0]LogModuleManager: Shutting down and abandoning module TextureFormatDXT (49)
[2016.01.24-20.38.48:159][  0]LogModuleManager: Shutting down and abandoning module ImageWrapper (48)
[2016.01.24-20.38.48:159][  0]LogModuleManager: Shutting down and abandoning module TextureFormatASTC (47)
[2016.01.24-20.38.48:160][  0]LogModuleManager: Shutting down and abandoning module TextureFormatAndroid (46)
[2016.01.24-20.38.48:160][  0]LogModuleManager: Shutting down and abandoning module AudioFormatOpus (45)
[2016.01.24-20.38.48:160][  0]LogModuleManager: Shutting down and abandoning module AudioFormatOgg (44)
[2016.01.24-20.38.48:160][  0]LogModuleManager: Shutting down and abandoning module AudioFormatADPCM (43)
[2016.01.24-20.38.48:160][  0]LogModuleManager: Shutting down and abandoning module LinuxTargetPlatform (42)
[2016.01.24-20.38.48:160][  0]LogModuleManager: Shutting down and abandoning module LinuxServerTargetPlatform (41)
[2016.01.24-20.38.48:161][  0]LogModuleManager: Shutting down and abandoning module LinuxNoEditorTargetPlatform (40)
[2016.01.24-20.38.48:161][  0]LogModuleManager: Shutting down and abandoning module Messaging (39)
[2016.01.24-20.38.48:161][  0]LogModuleManager: Shutting down and abandoning module IOSTargetPlatform (38)
[2016.01.24-20.38.48:161][  0]LogModuleManager: Shutting down and abandoning module HTML5TargetPlatform (37)
[2016.01.24-20.38.48:161][  0]LogModuleManager: Shutting down and abandoning module Android_PVRTCTargetPlatform (36)
[2016.01.24-20.38.48:161][  0]LogModuleManager: Shutting down and abandoning module Android_MultiTargetPlatform (35)
[2016.01.24-20.38.48:162][  0]LogModuleManager: Shutting down and abandoning module Android_ETC2TargetPlatform (34)
[2016.01.24-20.38.48:162][  0]LogModuleManager: Shutting down and abandoning module Android_ETC1TargetPlatform (33)
[2016.01.24-20.38.48:163][  0]LogModuleManager: Shutting down and abandoning module Android_DXTTargetPlatform (32)
[2016.01.24-20.38.48:163][  0]LogModuleManager: Shutting down and abandoning module Android_ATCTargetPlatform (31)
[2016.01.24-20.38.48:163][  0]LogModuleManager: Shutting down and abandoning module Android_ASTCTargetPlatform (30)
[2016.01.24-20.38.48:163][  0]LogModuleManager: Shutting down and abandoning module AndroidTargetPlatform (29)
[2016.01.24-20.38.48:164][  0]LogModuleManager: Shutting down and abandoning module WindowsTargetPlatform (28)
[2016.01.24-20.38.48:164][  0]LogModuleManager: Shutting down and abandoning module WindowsServerTargetPlatform (27)
[2016.01.24-20.38.48:164][  0]LogModuleManager: Shutting down and abandoning module WindowsNoEditorTargetPlatform (26)
[2016.01.24-20.38.48:164][  0]LogModuleManager: Shutting down and abandoning module WindowsClientTargetPlatform (25)
[2016.01.24-20.38.48:164][  0]LogModuleManager: Shutting down and abandoning module AllDesktopTargetPlatform (24)
[2016.01.24-20.38.48:165][  0]LogModuleManager: Shutting down and abandoning module TargetPlatform (23)
[2016.01.24-20.38.48:165][  0]LogModuleManager: Shutting down and abandoning module InputCore (22)
[2016.01.24-20.38.48:165][  0]LogModuleManager: Shutting down and abandoning module Settings (21)
[2016.01.24-20.38.48:166][  0]LogModuleManager: Shutting down and abandoning module OnlineSubsystem (19)
[2016.01.24-20.38.48:166][  0]LogModuleManager: Shutting down and abandoning module HTTP (18)
[2016.01.24-20.38.48:167][  0]LogModuleManager: Shutting down and abandoning module XMPP (17)
[2016.01.24-20.38.48:168][  0]LogModuleManager: Shutting down and abandoning module OculusRift (16)
[2016.01.24-20.38.48:168][  0]LogModuleManager: Shutting down and abandoning module ExampleDeviceProfileSelector (15)
[2016.01.24-20.38.48:168][  0]LogModuleManager: Shutting down and abandoning module TextureCompressor (14)
[2016.01.24-20.38.48:169][  0]LogModuleManager: Shutting down and abandoning module ShaderCore (13)
[2016.01.24-20.38.48:169][  0]LogModuleManager: Shutting down and abandoning module Landscape (12)
[2016.01.24-20.38.48:169][  0]LogModuleManager: Shutting down and abandoning module SlateRHIRenderer (11)
[2016.01.24-20.38.48:169][  0]LogModuleManager: Shutting down and abandoning module OpenGLDrv (10)
[2016.01.24-20.38.48:170][  0]LogModuleManager: Shutting down and abandoning module D3D11RHI (9)
[2016.01.24-20.38.48:170][  0]LogModuleManager: Shutting down and abandoning module AnimGraphRuntime (8)
[2016.01.24-20.38.48:170][  0]LogModuleManager: Shutting down and abandoning module Renderer (7)
[2016.01.24-20.38.48:170][  0]LogModuleManager: Shutting down and abandoning module Engine (6)
[2016.01.24-20.38.48:170][  0]LogModuleManager: Shutting down and abandoning module CoreUObject (5)
[2016.01.24-20.38.48:170][  0]LogModuleManager: Shutting down and abandoning module NetworkFile (4)
[2016.01.24-20.38.48:171][  0]LogModuleManager: Shutting down and abandoning module StreamingFile (3)
[2016.01.24-20.38.48:171][  0]LogModuleManager: Shutting down and abandoning module SandboxFile (2)
[2016.01.24-20.38.48:171][  0]LogModuleManager: Shutting down and abandoning module PakFile (1)
[2016.01.24-20.38.48:178][  0]LogExit: Exiting.
[2016.01.24-20.38.48:179][  0]Log file closed, 01/24/16 21:38:48
